<?xml version="1.0" encoding="UTF-8"?>
<!-- Generated by org.testng.reporters.JUnitReportReporter -->
<testsuite skipped="0" hostname="DESKTOP-K9KL98S" name="com.bmc.qa.testcases.SearchPageTest" tests="3" failures="0" timestamp="2022-11-12T00:29:22 IST" time="22.399" errors="0">
  <testcase name="verifySearchPageTitleTest" time="8.600" classname="com.bmc.qa.testcases.SearchPageTest"/>
  <system-out/>
  <testcase name="verifyEnterTextOnSerchBox" time="7.535" classname="com.bmc.qa.testcases.SearchPageTest"/>
  <system-out/>
  <testcase name="searchList" time="6.264" classname="com.bmc.qa.testcases.SearchPageTest"/>
  <system-out/>
</testsuite> <!-- com.bmc.qa.testcases.SearchPageTest -->
