<?xml version="1.0" encoding="UTF-8"?>
<!-- Generated by org.testng.reporters.JUnitReportReporter -->
<testsuite skipped="0" hostname="DESKTOP-K9KL98S" name="com.exl.qa.testcases.SearchPageTest" tests="2" failures="0" timestamp="2020-10-06T21:56:45 IST" time="18.972" errors="0">
  <testcase name="verifySearchPageTitleTest" time="7.766" classname="com.exl.qa.testcases.SearchPageTest"/>
  <system-out/>
  <testcase name="verifyEnterTextOnSerchBox" time="11.206" classname="com.exl.qa.testcases.SearchPageTest"/>
  <system-out/>
</testsuite> <!-- com.exl.qa.testcases.SearchPageTest -->
