<?xml version="1.0" encoding="UTF-8"?>
<!-- Generated by org.testng.reporters.JUnitReportReporter -->
<testsuite skipped="0" hostname="DESKTOP-K9KL98S" name="com.bmc.qa.testcases.SearchPageTest" tests="3" failures="0" timestamp="2022-11-11T23:53:55 IST" time="22.963" errors="0">
  <testcase name="verifySearchPageTitleTest" time="7.085" classname="com.bmc.qa.testcases.SearchPageTest"/>
  <system-out/>
  <testcase name="verifyEnterTextOnSerchBox" time="7.503" classname="com.bmc.qa.testcases.SearchPageTest"/>
  <system-out/>
  <testcase name="searchList" time="8.375" classname="com.bmc.qa.testcases.SearchPageTest"/>
  <system-out/>
</testsuite> <!-- com.bmc.qa.testcases.SearchPageTest -->
